-------------------------------------------------------------------------------
Test set: com.example.demo.StudentAndCourseApplicationTests
-------------------------------------------------------------------------------
Tests run: 1, Failures: 0, Errors: 1, Skipped: 0, Time elapsed: 0.23 s <<< FAILURE! - in com.example.demo.StudentAndCourseApplicationTests
initializationError(com.example.demo.StudentAndCourseApplicationTests)  Time elapsed: 0.003 s  <<< ERROR!
java.lang.IllegalStateException: Unable to find a @SpringBootConfiguration, you need to use @ContextConfiguration or @SpringBootTest(classes=...) with your test

